<?xml version="1.0" encoding="UTF-8"?>
<!-- Generated by org.testng.reporters.JUnitXMLReporter -->
<testsuite hostname="DESKTOP-0IMA24S" ignored="0" name="HC Sanity Tests" tests="5" failures="0" timestamp="30 Apr 2020 09:48:37 GMT" time="687.942" errors="0">
  <testcase name="application_url_check_Test" time="10.13" classname="com.ibm.sanity.tests.Application_url_check_Test"/>
  <testcase name="validLoginTest" time="66.215" classname="com.ibm.sanity.tests.LoginTest"/>
  <testcase name="validLoginTest" time="82.123" classname="com.ibm.sanity.tests.HC_VIew_All_Test"/>
  <testcase name="validLoginTest" time="83.367" classname="com.ibm.sanity.tests.HC_SAP_Rainbow_Test"/>
  <testcase name="validLoginTest" time="86.244" classname="com.ibm.sanity.tests.HC_SAP_Phoenix_Test"/>
</testsuite> <!-- HC Sanity Tests -->
