<?xml version="1.0" encoding="UTF-8"?>
<!-- Generated by org.testng.reporters.JUnitXMLReporter -->
<testsuite hostname="DESKTOP-0IMA24S" ignored="0" name="NG Metering Application Sanity Test Cases" tests="5" failures="0" timestamp="03 May 2020 11:40:03 GMT" time="456.684" errors="0">
  <testcase name="NGMeteringApp_url_Test" time="11.134" classname="com.ibm.sanity.tests.NG_Metering_App_URL_Test"/>
  <testcase name="NGMeteringApp_Login_Test" time="33.658" classname="com.ibm.sanity.tests.NG_Metering_App_LoginTest"/>
  <testcase name="NGMeteringApp_LoginTest" time="54.182" classname="com.ibm.sanity.tests.NG_Metering_App_VIEW_ALL_Test"/>
  <testcase name="NGMeteringApp_SAPRainbow_Test" time="95.904" classname="com.ibm.sanity.tests.NG_Metering_App_SAP_Rainbow_Test"/>
  <testcase name="NGMeteringApp_SAPPhoenix_Test" time="63.599" classname="com.ibm.sanity.tests.NG_Metering_App_SAP_Phoenix_Test"/>
</testsuite> <!-- NG Metering Application Sanity Test Cases -->
