<?xml version="1.0" encoding="UTF-8"?>
<!-- Generated by org.testng.reporters.JUnitXMLReporter -->
<testsuite hostname="DESKTOP-0IMA24S" ignored="0" name="NG Metering Application Sanity Test Cases" tests="5" failures="0" timestamp="04 May 2020 08:51:52 GMT" time="723.782" errors="0">
  <testcase name="NGMeteringApp_url_Test" time="11.321" classname="com.ibm.sanity.tests.NG_Metering_App_URL_Test"/>
  <testcase name="NGMeteringApp_Login_Test" time="122.679" classname="com.ibm.sanity.tests.NG_Metering_App_LoginTest"/>
  <testcase name="NGMeteringApp_LoginTest" time="96.025" classname="com.ibm.sanity.tests.NG_Metering_App_VIEW_ALL_Test"/>
  <testcase name="NGMeteringApp_SAPRainbow_Test" time="82.32" classname="com.ibm.sanity.tests.NG_Metering_App_SAP_Rainbow_Test"/>
  <testcase name="NGMeteringApp_SAPPhoenix_Test" time="80.248" classname="com.ibm.sanity.tests.NG_Metering_App_SAP_Phoenix_Test"/>
</testsuite> <!-- NG Metering Application Sanity Test Cases -->
