<?xml version="1.0" encoding="UTF-8"?>
<testng-results skipped="0" failed="0" ignored="0" total="1" passed="1">
  <reporter-output>
  </reporter-output>
  <suite name="Default suite" duration-ms="110379" started-at="2020-04-30T14:18:40Z" finished-at="2020-04-30T14:20:31Z">
    <groups>
    </groups>
    <test name="Default test" duration-ms="110379" started-at="2020-04-30T14:18:40Z" finished-at="2020-04-30T14:20:31Z">
      <class name="com.ibm.sanity.tests.HC_VIew_All_Test">
        <test-method status="PASS" signature="setUpBeforeClass()[pri:0, instance:com.ibm.sanity.tests.HC_VIew_All_Test@5c7fa833]" name="setUpBeforeClass" is-config="true" duration-ms="29" started-at="2020-04-30T19:48:40Z" finished-at="2020-04-30T19:48:40Z">
          <reporter-output>
          </reporter-output>
        </test-method> <!-- setUpBeforeClass -->
        <test-method status="PASS" signature="setUp()[pri:0, instance:com.ibm.sanity.tests.HC_VIew_All_Test@5c7fa833]" name="setUp" is-config="true" duration-ms="46924" started-at="2020-04-30T19:48:40Z" finished-at="2020-04-30T19:49:27Z">
          <reporter-output>
          </reporter-output>
        </test-method> <!-- setUp -->
        <test-method status="PASS" signature="validLoginTest()[pri:0, instance:com.ibm.sanity.tests.HC_VIew_All_Test@5c7fa833]" name="validLoginTest" duration-ms="60967" started-at="2020-04-30T19:49:27Z" finished-at="2020-04-30T19:50:28Z">
          <reporter-output>
          </reporter-output>
        </test-method> <!-- validLoginTest -->
        <test-method status="PASS" signature="tearDown()[pri:0, instance:com.ibm.sanity.tests.HC_VIew_All_Test@5c7fa833]" name="tearDown" is-config="true" duration-ms="2401" started-at="2020-04-30T19:50:28Z" finished-at="2020-04-30T19:50:31Z">
          <reporter-output>
          </reporter-output>
        </test-method> <!-- tearDown -->
      </class> <!-- com.ibm.sanity.tests.HC_VIew_All_Test -->
    </test> <!-- Default test -->
  </suite> <!-- Default suite -->
</testng-results>
